This is pdfTeX, Version 3.1415926-2.3-1.40.12 (TeX Live 2011) (format=pdflatex 2011.9.5)  8 NOV 2011 15:38
entering extended mode
 restricted \write18 enabled.
 %&-line parsing enabled.
**layout.tex
(./layout.tex
LaTeX2e <2011/06/27>
Babel <v3.8m> and hyphenation patterns for english, dumylang, nohyphenation, ge
rman-x-2011-07-01, ngerman-x-2011-07-01, afrikaans, ancientgreek, ibycus, arabi
c, armenian, basque, bulgarian, catalan, pinyin, coptic, croatian, czech, danis
h, dutch, ukenglish, usenglishmax, esperanto, estonian, ethiopic, farsi, finnis
h, french, galician, german, ngerman, swissgerman, monogreek, greek, hungarian,
 icelandic, assamese, bengali, gujarati, hindi, kannada, malayalam, marathi, or
iya, panjabi, tamil, telugu, indonesian, interlingua, irish, italian, kurmanji,
 lao, latin, latvian, lithuanian, mongolian, mongolianlmc, bokmal, nynorsk, pol
ish, portuguese, romanian, russian, sanskrit, serbian, serbianc, slovak, sloven
ian, spanish, swedish, turkish, turkmen, ukrainian, uppersorbian, welsh, loaded
.
(/home/cjlopez/bin/texlive/2011/texmf-dist/tex/latex/base/article.cls
Document Class: article 2007/10/19 v1.4h Standard LaTeX document class
(/home/cjlopez/bin/texlive/2011/texmf-dist/tex/latex/base/size10.clo
File: size10.clo 2007/10/19 v1.4h Standard LaTeX file (size option)
)
\c@part=\count79
\c@section=\count80
\c@subsection=\count81
\c@subsubsection=\count82
\c@paragraph=\count83
\c@subparagraph=\count84
\c@figure=\count85
\c@table=\count86
\abovecaptionskip=\skip41
\belowcaptionskip=\skip42
\bibindent=\dimen102
)
(/home/cjlopez/bin/texlive/2011/texmf-dist/tex/latex/graphics/graphicx.sty
Package: graphicx 1999/02/16 v1.0f Enhanced LaTeX Graphics (DPC,SPQR)

(/home/cjlopez/bin/texlive/2011/texmf-dist/tex/latex/graphics/keyval.sty
Package: keyval 1999/03/16 v1.13 key=value parser (DPC)
\KV@toks@=\toks14
)
(/home/cjlopez/bin/texlive/2011/texmf-dist/tex/latex/graphics/graphics.sty
Package: graphics 2009/02/05 v1.0o Standard LaTeX Graphics (DPC,SPQR)

(/home/cjlopez/bin/texlive/2011/texmf-dist/tex/latex/graphics/trig.sty
Package: trig 1999/03/16 v1.09 sin cos tan (DPC)
)
(/home/cjlopez/bin/texlive/2011/texmf-dist/tex/latex/latexconfig/graphics.cfg
File: graphics.cfg 2010/04/23 v1.9 graphics configuration of TeX Live
)
Package graphics Info: Driver file: pdftex.def on input line 91.

(/home/cjlopez/bin/texlive/2011/texmf-dist/tex/latex/pdftex-def/pdftex.def
File: pdftex.def 2011/05/27 v0.06d Graphics/color for pdfTeX

(/home/cjlopez/bin/texlive/2011/texmf-dist/tex/generic/oberdiek/infwarerr.sty
Package: infwarerr 2010/04/08 v1.3 Providing info/warning/message (HO)
)
(/home/cjlopez/bin/texlive/2011/texmf-dist/tex/generic/oberdiek/ltxcmds.sty
Package: ltxcmds 2011/04/18 v1.20 LaTeX kernel commands for general use (HO)
)
\Gread@gobject=\count87
))
\Gin@req@height=\dimen103
\Gin@req@width=\dimen104
) (/home/cjlopez/bin/texlive/2011/texmf-dist/tex/latex/preprint/fullpage.sty
Package: fullpage 1999/02/23 1.1 (PWD)
\FP@margin=\skip43
)
(./layout.aux)
\openout1 = `layout.aux'.

LaTeX Font Info:    Checking defaults for OML/cmm/m/it on input line 5.
LaTeX Font Info:    ... okay on input line 5.
LaTeX Font Info:    Checking defaults for T1/cmr/m/n on input line 5.
LaTeX Font Info:    ... okay on input line 5.
LaTeX Font Info:    Checking defaults for OT1/cmr/m/n on input line 5.
LaTeX Font Info:    ... okay on input line 5.
LaTeX Font Info:    Checking defaults for OMS/cmsy/m/n on input line 5.
LaTeX Font Info:    ... okay on input line 5.
LaTeX Font Info:    Checking defaults for OMX/cmex/m/n on input line 5.
LaTeX Font Info:    ... okay on input line 5.
LaTeX Font Info:    Checking defaults for U/cmr/m/n on input line 5.
LaTeX Font Info:    ... okay on input line 5.

(/home/cjlopez/bin/texlive/2011/texmf-dist/tex/context/base/supp-pdf.mkii
[Loading MPS to PDF converter (version 2006.09.02).]
\scratchcounter=\count88
\scratchdimen=\dimen105
\scratchbox=\box26
\nofMPsegments=\count89
\nofMParguments=\count90
\everyMPshowfont=\toks15
\MPscratchCnt=\count91
\MPscratchDim=\dimen106
\MPnumerator=\count92
\makeMPintoPDFobject=\count93
\everyMPtoPDFconversion=\toks16
)
(/home/cjlopez/bin/texlive/2011/texmf-dist/tex/generic/oberdiek/pdftexcmds.sty
Package: pdftexcmds 2011/04/22 v0.16 Utilities of pdfTeX for LuaTeX (HO)

(/home/cjlopez/bin/texlive/2011/texmf-dist/tex/generic/oberdiek/ifluatex.sty
Package: ifluatex 2010/03/01 v1.3 Provides the ifluatex switch (HO)
Package ifluatex Info: LuaTeX not detected.
)
(/home/cjlopez/bin/texlive/2011/texmf-dist/tex/generic/oberdiek/ifpdf.sty
Package: ifpdf 2011/01/30 v2.3 Provides the ifpdf switch (HO)
Package ifpdf Info: pdfTeX in PDF mode is detected.
)
Package pdftexcmds Info: LuaTeX not detected.
Package pdftexcmds Info: \pdf@primitive is available.
Package pdftexcmds Info: \pdf@ifprimitive is available.
Package pdftexcmds Info: \pdfdraftmode found.
)
(/home/cjlopez/bin/texlive/2011/texmf-dist/tex/latex/oberdiek/epstopdf-base.sty
Package: epstopdf-base 2010/02/09 v2.5 Base part for package epstopdf
(/home/cjlopez/bin/texlive/2011/texmf-dist/tex/latex/oberdiek/grfext.sty
Package: grfext 2010/08/19 v1.1 Managing graphics extensions (HO)

(/home/cjlopez/bin/texlive/2011/texmf-dist/tex/generic/oberdiek/kvdefinekeys.st
y
Package: kvdefinekeys 2011/04/07 v1.3 Defining keys (HO)
)) (/home/cjlopez/bin/texlive/2011/texmf-dist/tex/latex/oberdiek/kvoptions.sty
Package: kvoptions 2010/12/23 v3.10 Keyval support for LaTeX options (HO)
(/home/cjlopez/bin/texlive/2011/texmf-dist/tex/generic/oberdiek/kvsetkeys.sty
Package: kvsetkeys 2011/04/07 v1.13 Key value parser (HO)

(/home/cjlopez/bin/texlive/2011/texmf-dist/tex/generic/oberdiek/etexcmds.sty
Package: etexcmds 2011/02/16 v1.5 Prefix for e-TeX command names (HO)
Package etexcmds Info: Could not find \expanded.
(etexcmds)             That can mean that you are not using pdfTeX 1.50 or
(etexcmds)             that some package has redefined \expanded.
(etexcmds)             In the latter case, load this package earlier.
)))
Package grfext Info: Graphics extension search list:
(grfext)             [.png,.pdf,.jpg,.mps,.jpeg,.jbig2,.jb2,.PNG,.PDF,.JPG,.JPE
G,.JBIG2,.JB2,.eps]
(grfext)             \AppendGraphicsExtensions on input line 452.

(/home/cjlopez/bin/texlive/2011/texmf-dist/tex/latex/latexconfig/epstopdf-sys.c
fg
File: epstopdf-sys.cfg 2010/07/13 v1.3 Configuration of (r)epstopdf for TeX Liv
e
)) <MarkerData_101.png, id=1, 341.275pt x 341.275pt>
File: MarkerData_101.png Graphic file (type png)

<use MarkerData_101.png>
Package pdftex.def Info: MarkerData_101.png used on input line 8.
(pdftex.def)             Requested size: 216.81pt x 216.81136pt.
 <MarkerData_102.png, id=2, 341.275pt x 341.275pt>
File: MarkerData_102.png Graphic file (type png)

<use MarkerData_102.png>
Package pdftex.def Info: MarkerData_102.png used on input line 9.
(pdftex.def)             Requested size: 216.81pt x 216.81136pt.
 <MarkerData_103.png, id=3, 341.275pt x 341.275pt>
File: MarkerData_103.png Graphic file (type png)

<use MarkerData_103.png>
Package pdftex.def Info: MarkerData_103.png used on input line 12.
(pdftex.def)             Requested size: 216.81pt x 216.81136pt.
 <MarkerData_104.png, id=4, 341.275pt x 341.275pt>
File: MarkerData_104.png Graphic file (type png)

<use MarkerData_104.png>
Package pdftex.def Info: MarkerData_104.png used on input line 13.
(pdftex.def)             Requested size: 216.81pt x 216.81136pt.
 <MarkerData_105.png, id=5, 341.275pt x 341.275pt>
File: MarkerData_105.png Graphic file (type png)

<use MarkerData_105.png>
Package pdftex.def Info: MarkerData_105.png used on input line 16.
(pdftex.def)             Requested size: 216.81pt x 216.81136pt.
 <MarkerData_106.png, id=6, 341.275pt x 341.275pt>
File: MarkerData_106.png Graphic file (type png)

<use MarkerData_106.png>
Package pdftex.def Info: MarkerData_106.png used on input line 17.
(pdftex.def)             Requested size: 216.81pt x 216.81136pt.
 <MarkerData_107.png, id=7, 341.275pt x 341.275pt>
[1

{/home/cjlopez/bin/texlive/2011/texmf-var/fonts/map/pdftex/updmap/pdftex.map} <
./MarkerData_101.png (PNG copy)> <./MarkerData_102.png (PNG copy)> <./MarkerDat
a_103.png (PNG copy)> <./MarkerData_104.png (PNG copy)>]
File: MarkerData_107.png Graphic file (type png)

<use MarkerData_107.png>
Package pdftex.def Info: MarkerData_107.png used on input line 20.
(pdftex.def)             Requested size: 216.81pt x 216.81136pt.
 <MarkerData_108.png, id=14, 341.275pt x 341.275pt>
File: MarkerData_108.png Graphic file (type png)

<use MarkerData_108.png>
Package pdftex.def Info: MarkerData_108.png used on input line 21.
(pdftex.def)             Requested size: 216.81pt x 216.81136pt.
 <MarkerData_109.png, id=15, 341.275pt x 341.275pt>
File: MarkerData_109.png Graphic file (type png)

<use MarkerData_109.png>
Package pdftex.def Info: MarkerData_109.png used on input line 24.
(pdftex.def)             Requested size: 216.81pt x 216.81136pt.
 <MarkerData_110.png, id=16, 341.275pt x 341.275pt>
File: MarkerData_110.png Graphic file (type png)

<use MarkerData_110.png>
Package pdftex.def Info: MarkerData_110.png used on input line 25.
(pdftex.def)             Requested size: 216.81pt x 216.81136pt.
 <MarkerData_111.png, id=17, 341.275pt x 341.275pt>
[2 <./MarkerData_105.png (PNG copy)> <./MarkerData_106.png (PNG copy)> <./Marke
rData_107.png (PNG copy)> <./MarkerData_108.png (PNG copy)>]
File: MarkerData_111.png Graphic file (type png)

<use MarkerData_111.png>
Package pdftex.def Info: MarkerData_111.png used on input line 28.
(pdftex.def)             Requested size: 216.81pt x 216.81136pt.
 <MarkerData_112.png, id=21, 341.275pt x 341.275pt>
File: MarkerData_112.png Graphic file (type png)

<use MarkerData_112.png>
Package pdftex.def Info: MarkerData_112.png used on input line 29.
(pdftex.def)             Requested size: 216.81pt x 216.81136pt.
 <MarkerData_113.png, id=22, 341.275pt x 341.275pt>
File: MarkerData_113.png Graphic file (type png)

<use MarkerData_113.png>
Package pdftex.def Info: MarkerData_113.png used on input line 32.
(pdftex.def)             Requested size: 216.81pt x 216.81136pt.
 <MarkerData_114.png, id=23, 341.275pt x 341.275pt>
File: MarkerData_114.png Graphic file (type png)

<use MarkerData_114.png>
Package pdftex.def Info: MarkerData_114.png used on input line 33.
(pdftex.def)             Requested size: 216.81pt x 216.81136pt.
 <MarkerData_115.png, id=24, 341.275pt x 341.275pt>
[3 <./MarkerData_109.png (PNG copy)> <./MarkerData_110.png (PNG copy)> <./Marke
rData_111.png (PNG copy)> <./MarkerData_112.png (PNG copy)>]
File: MarkerData_115.png Graphic file (type png)

<use MarkerData_115.png>
Package pdftex.def Info: MarkerData_115.png used on input line 36.
(pdftex.def)             Requested size: 216.81pt x 216.81136pt.
 <MarkerData_116.png, id=28, 341.275pt x 341.275pt>
File: MarkerData_116.png Graphic file (type png)

<use MarkerData_116.png>
Package pdftex.def Info: MarkerData_116.png used on input line 37.
(pdftex.def)             Requested size: 216.81pt x 216.81136pt.
 <MarkerData_117.png, id=29, 341.275pt x 341.275pt>
File: MarkerData_117.png Graphic file (type png)

<use MarkerData_117.png>
Package pdftex.def Info: MarkerData_117.png used on input line 40.
(pdftex.def)             Requested size: 216.81pt x 216.81136pt.
 <MarkerData_118.png, id=30, 341.275pt x 341.275pt>
File: MarkerData_118.png Graphic file (type png)

<use MarkerData_118.png>
Package pdftex.def Info: MarkerData_118.png used on input line 41.
(pdftex.def)             Requested size: 216.81pt x 216.81136pt.
 <MarkerData_119.png, id=31, 341.275pt x 341.275pt>
[4 <./MarkerData_113.png (PNG copy)> <./MarkerData_114.png (PNG copy)> <./Marke
rData_115.png (PNG copy)> <./MarkerData_116.png (PNG copy)>]
File: MarkerData_119.png Graphic file (type png)

<use MarkerData_119.png>
Package pdftex.def Info: MarkerData_119.png used on input line 44.
(pdftex.def)             Requested size: 216.81pt x 216.81136pt.
 <MarkerData_120.png, id=35, 341.275pt x 341.275pt>
File: MarkerData_120.png Graphic file (type png)

<use MarkerData_120.png>
Package pdftex.def Info: MarkerData_120.png used on input line 45.
(pdftex.def)             Requested size: 216.81pt x 216.81136pt.
 <MarkerData_121.png, id=36, 341.275pt x 341.275pt>
File: MarkerData_121.png Graphic file (type png)

<use MarkerData_121.png>
Package pdftex.def Info: MarkerData_121.png used on input line 48.
(pdftex.def)             Requested size: 216.81pt x 216.81136pt.
 <MarkerData_122.png, id=37, 341.275pt x 341.275pt>
File: MarkerData_122.png Graphic file (type png)

<use MarkerData_122.png>
Package pdftex.def Info: MarkerData_122.png used on input line 49.
(pdftex.def)             Requested size: 216.81pt x 216.81136pt.
 <MarkerData_123.png, id=38, 341.275pt x 341.275pt>
[5 <./MarkerData_117.png (PNG copy)> <./MarkerData_118.png (PNG copy)> <./Marke
rData_119.png (PNG copy)> <./MarkerData_120.png (PNG copy)>]
File: MarkerData_123.png Graphic file (type png)

<use MarkerData_123.png>
Package pdftex.def Info: MarkerData_123.png used on input line 52.
(pdftex.def)             Requested size: 216.81pt x 216.81136pt.
 <MarkerData_124.png, id=42, 341.275pt x 341.275pt>
File: MarkerData_124.png Graphic file (type png)

<use MarkerData_124.png>
Package pdftex.def Info: MarkerData_124.png used on input line 53.
(pdftex.def)             Requested size: 216.81pt x 216.81136pt.
 <MarkerData_125.png, id=43, 341.275pt x 341.275pt>
File: MarkerData_125.png Graphic file (type png)

<use MarkerData_125.png>
Package pdftex.def Info: MarkerData_125.png used on input line 56.
(pdftex.def)             Requested size: 216.81pt x 216.81136pt.
 <MarkerData_126.png, id=44, 341.275pt x 341.275pt>
File: MarkerData_126.png Graphic file (type png)

<use MarkerData_126.png>
Package pdftex.def Info: MarkerData_126.png used on input line 57.
(pdftex.def)             Requested size: 216.81pt x 216.81136pt.
 <MarkerData_127.png, id=45, 341.275pt x 341.275pt>
[6 <./MarkerData_121.png (PNG copy)> <./MarkerData_122.png (PNG copy)> <./Marke
rData_123.png (PNG copy)> <./MarkerData_124.png (PNG copy)>]
File: MarkerData_127.png Graphic file (type png)

<use MarkerData_127.png>
Package pdftex.def Info: MarkerData_127.png used on input line 60.
(pdftex.def)             Requested size: 216.81pt x 216.81136pt.
 <MarkerData_128.png, id=49, 341.275pt x 341.275pt>
File: MarkerData_128.png Graphic file (type png)

<use MarkerData_128.png>
Package pdftex.def Info: MarkerData_128.png used on input line 61.
(pdftex.def)             Requested size: 216.81pt x 216.81136pt.
 <MarkerData_129.png, id=50, 341.275pt x 341.275pt>
File: MarkerData_129.png Graphic file (type png)

<use MarkerData_129.png>
Package pdftex.def Info: MarkerData_129.png used on input line 64.
(pdftex.def)             Requested size: 216.81pt x 216.81136pt.
 <MarkerData_130.png, id=51, 341.275pt x 341.275pt>
File: MarkerData_130.png Graphic file (type png)

<use MarkerData_130.png>
Package pdftex.def Info: MarkerData_130.png used on input line 65.
(pdftex.def)             Requested size: 216.81pt x 216.81136pt.
 <MarkerData_131.png, id=52, 341.275pt x 341.275pt>
[7 <./MarkerData_125.png (PNG copy)> <./MarkerData_126.png (PNG copy)> <./Marke
rData_127.png (PNG copy)> <./MarkerData_128.png (PNG copy)>]
File: MarkerData_131.png Graphic file (type png)

<use MarkerData_131.png>
Package pdftex.def Info: MarkerData_131.png used on input line 68.
(pdftex.def)             Requested size: 216.81pt x 216.81136pt.
 <MarkerData_132.png, id=57, 341.275pt x 341.275pt>
File: MarkerData_132.png Graphic file (type png)

<use MarkerData_132.png>
Package pdftex.def Info: MarkerData_132.png used on input line 69.
(pdftex.def)             Requested size: 216.81pt x 216.81136pt.
 <MarkerData_133.png, id=58, 341.275pt x 341.275pt>
File: MarkerData_133.png Graphic file (type png)

<use MarkerData_133.png>
Package pdftex.def Info: MarkerData_133.png used on input line 72.
(pdftex.def)             Requested size: 216.81pt x 216.81136pt.
 <MarkerData_134.png, id=59, 341.275pt x 341.275pt>
File: MarkerData_134.png Graphic file (type png)

<use MarkerData_134.png>
Package pdftex.def Info: MarkerData_134.png used on input line 73.
(pdftex.def)             Requested size: 216.81pt x 216.81136pt.
 <MarkerData_135.png, id=60, 341.275pt x 341.275pt>
[8 <./MarkerData_129.png (PNG copy)> <./MarkerData_130.png (PNG copy)> <./Marke
rData_131.png (PNG copy)> <./MarkerData_132.png (PNG copy)>]
File: MarkerData_135.png Graphic file (type png)

<use MarkerData_135.png>
Package pdftex.def Info: MarkerData_135.png used on input line 76.
(pdftex.def)             Requested size: 216.81pt x 216.81136pt.
 <MarkerData_136.png, id=64, 341.275pt x 341.275pt>
File: MarkerData_136.png Graphic file (type png)

<use MarkerData_136.png>
Package pdftex.def Info: MarkerData_136.png used on input line 77.
(pdftex.def)             Requested size: 216.81pt x 216.81136pt.
 <MarkerData_137.png, id=65, 341.275pt x 341.275pt>
File: MarkerData_137.png Graphic file (type png)

<use MarkerData_137.png>
Package pdftex.def Info: MarkerData_137.png used on input line 80.
(pdftex.def)             Requested size: 216.81pt x 216.81136pt.
 <MarkerData_138.png, id=66, 341.275pt x 341.275pt>
File: MarkerData_138.png Graphic file (type png)

<use MarkerData_138.png>
Package pdftex.def Info: MarkerData_138.png used on input line 81.
(pdftex.def)             Requested size: 216.81pt x 216.81136pt.
 <MarkerData_139.png, id=67, 341.275pt x 341.275pt>
[9 <./MarkerData_133.png (PNG copy)> <./MarkerData_134.png (PNG copy)> <./Marke
rData_135.png (PNG copy)> <./MarkerData_136.png (PNG copy)>]
File: MarkerData_139.png Graphic file (type png)

<use MarkerData_139.png>
Package pdftex.def Info: MarkerData_139.png used on input line 84.
(pdftex.def)             Requested size: 216.81pt x 216.81136pt.
 <MarkerData_140.png, id=71, 341.275pt x 341.275pt>
File: MarkerData_140.png Graphic file (type png)

<use MarkerData_140.png>
Package pdftex.def Info: MarkerData_140.png used on input line 85.
(pdftex.def)             Requested size: 216.81pt x 216.81136pt.
 <MarkerData_141.png, id=72, 341.275pt x 341.275pt>
File: MarkerData_141.png Graphic file (type png)

<use MarkerData_141.png>
Package pdftex.def Info: MarkerData_141.png used on input line 88.
(pdftex.def)             Requested size: 216.81pt x 216.81136pt.
 <MarkerData_142.png, id=73, 341.275pt x 341.275pt>
File: MarkerData_142.png Graphic file (type png)

<use MarkerData_142.png>
Package pdftex.def Info: MarkerData_142.png used on input line 89.
(pdftex.def)             Requested size: 216.81pt x 216.81136pt.
 <MarkerData_143.png, id=74, 341.275pt x 341.275pt>
[10 <./MarkerData_137.png (PNG copy)> <./MarkerData_138.png (PNG copy)> <./Mark
erData_139.png (PNG copy)> <./MarkerData_140.png (PNG copy)>]
File: MarkerData_143.png Graphic file (type png)

<use MarkerData_143.png>
Package pdftex.def Info: MarkerData_143.png used on input line 92.
(pdftex.def)             Requested size: 216.81pt x 216.81136pt.
 <MarkerData_144.png, id=78, 341.275pt x 341.275pt>
File: MarkerData_144.png Graphic file (type png)

<use MarkerData_144.png>
Package pdftex.def Info: MarkerData_144.png used on input line 93.
(pdftex.def)             Requested size: 216.81pt x 216.81136pt.
 <MarkerData_145.png, id=79, 341.275pt x 341.275pt>
File: MarkerData_145.png Graphic file (type png)

<use MarkerData_145.png>
Package pdftex.def Info: MarkerData_145.png used on input line 96.
(pdftex.def)             Requested size: 216.81pt x 216.81136pt.
 <MarkerData_146.png, id=80, 341.275pt x 341.275pt>
File: MarkerData_146.png Graphic file (type png)

<use MarkerData_146.png>
Package pdftex.def Info: MarkerData_146.png used on input line 97.
(pdftex.def)             Requested size: 216.81pt x 216.81136pt.
 <MarkerData_147.png, id=81, 341.275pt x 341.275pt>
[11 <./MarkerData_141.png (PNG copy)> <./MarkerData_142.png (PNG copy)> <./Mark
erData_143.png (PNG copy)> <./MarkerData_144.png (PNG copy)>]
File: MarkerData_147.png Graphic file (type png)

<use MarkerData_147.png>
Package pdftex.def Info: MarkerData_147.png used on input line 100.
(pdftex.def)             Requested size: 216.81pt x 216.81136pt.
 <MarkerData_148.png, id=85, 341.275pt x 341.275pt>
File: MarkerData_148.png Graphic file (type png)

<use MarkerData_148.png>
Package pdftex.def Info: MarkerData_148.png used on input line 101.
(pdftex.def)             Requested size: 216.81pt x 216.81136pt.
 <MarkerData_149.png, id=86, 341.275pt x 341.275pt>
File: MarkerData_149.png Graphic file (type png)

<use MarkerData_149.png>
Package pdftex.def Info: MarkerData_149.png used on input line 104.
(pdftex.def)             Requested size: 216.81pt x 216.81136pt.
 <MarkerData_150.png, id=87, 341.275pt x 341.275pt>
File: MarkerData_150.png Graphic file (type png)

<use MarkerData_150.png>
Package pdftex.def Info: MarkerData_150.png used on input line 105.
(pdftex.def)             Requested size: 216.81pt x 216.81136pt.
 <MarkerData_151.png, id=88, 341.275pt x 341.275pt>
[12 <./MarkerData_145.png (PNG copy)> <./MarkerData_146.png (PNG copy)> <./Mark
erData_147.png (PNG copy)> <./MarkerData_148.png (PNG copy)>]
File: MarkerData_151.png Graphic file (type png)

<use MarkerData_151.png>
Package pdftex.def Info: MarkerData_151.png used on input line 108.
(pdftex.def)             Requested size: 216.81pt x 216.81136pt.
 <MarkerData_152.png, id=92, 341.275pt x 341.275pt>
File: MarkerData_152.png Graphic file (type png)

<use MarkerData_152.png>
Package pdftex.def Info: MarkerData_152.png used on input line 109.
(pdftex.def)             Requested size: 216.81pt x 216.81136pt.
 <MarkerData_153.png, id=93, 341.275pt x 341.275pt>
File: MarkerData_153.png Graphic file (type png)

<use MarkerData_153.png>
Package pdftex.def Info: MarkerData_153.png used on input line 112.
(pdftex.def)             Requested size: 216.81pt x 216.81136pt.
 <MarkerData_154.png, id=94, 341.275pt x 341.275pt>
File: MarkerData_154.png Graphic file (type png)

<use MarkerData_154.png>
Package pdftex.def Info: MarkerData_154.png used on input line 113.
(pdftex.def)             Requested size: 216.81pt x 216.81136pt.
 <MarkerData_155.png, id=95, 341.275pt x 341.275pt>
[13 <./MarkerData_149.png (PNG copy)> <./MarkerData_150.png (PNG copy)> <./Mark
erData_151.png (PNG copy)> <./MarkerData_152.png (PNG copy)>]
File: MarkerData_155.png Graphic file (type png)

<use MarkerData_155.png>
Package pdftex.def Info: MarkerData_155.png used on input line 116.
(pdftex.def)             Requested size: 216.81pt x 216.81136pt.
 <MarkerData_156.png, id=100, 341.275pt x 341.275pt>
File: MarkerData_156.png Graphic file (type png)

<use MarkerData_156.png>
Package pdftex.def Info: MarkerData_156.png used on input line 117.
(pdftex.def)             Requested size: 216.81pt x 216.81136pt.
 <MarkerData_157.png, id=101, 341.275pt x 341.275pt>
File: MarkerData_157.png Graphic file (type png)

<use MarkerData_157.png>
Package pdftex.def Info: MarkerData_157.png used on input line 120.
(pdftex.def)             Requested size: 216.81pt x 216.81136pt.
 <MarkerData_158.png, id=102, 341.275pt x 341.275pt>
File: MarkerData_158.png Graphic file (type png)

<use MarkerData_158.png>
Package pdftex.def Info: MarkerData_158.png used on input line 121.
(pdftex.def)             Requested size: 216.81pt x 216.81136pt.
 <MarkerData_159.png, id=103, 341.275pt x 341.275pt>
[14 <./MarkerData_153.png (PNG copy)> <./MarkerData_154.png (PNG copy)> <./Mark
erData_155.png (PNG copy)> <./MarkerData_156.png (PNG copy)>]
File: MarkerData_159.png Graphic file (type png)

<use MarkerData_159.png>
Package pdftex.def Info: MarkerData_159.png used on input line 124.
(pdftex.def)             Requested size: 216.81pt x 216.81136pt.
 <MarkerData_160.png, id=107, 341.275pt x 341.275pt>
File: MarkerData_160.png Graphic file (type png)

<use MarkerData_160.png>
Package pdftex.def Info: MarkerData_160.png used on input line 125.
(pdftex.def)             Requested size: 216.81pt x 216.81136pt.
 [15 <./MarkerData_157.png (PNG copy)> <./MarkerData_158.png (PNG copy)> <./Mar
kerData_159.png (PNG copy)> <./MarkerData_160.png (PNG copy)>] (./layout.aux) )
 
Here is how much of TeX's memory you used:
 1746 strings out of 493629
 27828 string characters out of 3140419
 72898 words of memory out of 3000000
 5007 multiletter control sequences out of 15000+200000
 3640 words of font info for 14 fonts, out of 3000000 for 9000
 831 hyphenation exceptions out of 8191
 37i,5n,23p,239b,182s stack positions out of 5000i,500n,10000p,200000b,50000s
</home/cjlopez/bin/texlive/2011/texmf-dist/fonts/type1/public/amsfonts/cm/cmr10
.pfb>
Output written on layout.pdf (15 pages, 61107 bytes).
PDF statistics:
 117 PDF objects out of 1000 (max. 8388607)
 38 compressed objects within 1 object stream
 0 named destinations out of 1000 (max. 500000)
 301 words of extra memory for PDF output out of 10000 (max. 10000000)

